2021-12-14 16:08:58,050 Register_handle.py--> send_username 20: INFO ----->输入用户名：test001
2021-12-14 16:08:58,104 Register_handle.py--> send_email 20: INFO ----->输入邮箱：12@qq.com
2021-12-14 16:08:58,151 Register_handle.py--> send_password 20: INFO ----->输入密码：123456
2021-12-14 16:08:58,203 Register_handle.py--> send_confirmpass 20: INFO ----->输入确认密码：123456
2021-12-14 16:08:58,249 Register_handle.py--> send_MSN 20: INFO ----->输入msn：123@163.com
2021-12-14 16:08:58,297 Register_handle.py--> send_qq 20: INFO ----->输入qq：123
2021-12-14 16:08:58,338 Register_handle.py--> send_worktelp 20: INFO ----->输入办公电话：123
2021-12-14 16:08:58,378 Register_handle.py--> send_famtelp 20: INFO ----->输入家庭电话：123
2021-12-14 16:08:58,416 Register_handle.py--> send_telphone 20: INFO ----->输入手机号：123
2021-12-14 16:08:58,478 Register_handle.py--> send_answer 20: INFO ----->输入密码提示：123
2021-12-14 16:09:02,843 Register_handle.py--> send_username 20: INFO ----->输入用户名：1
2021-12-14 16:09:02,894 Register_handle.py--> send_email 20: INFO ----->输入邮箱：1234@qq.com
2021-12-14 16:09:02,948 Register_handle.py--> send_password 20: INFO ----->输入密码：123456
2021-12-14 16:09:02,999 Register_handle.py--> send_confirmpass 20: INFO ----->输入确认密码：123456
2021-12-14 16:09:03,149 Register_handle.py--> send_MSN 20: INFO ----->输入msn：1234@163.com
2021-12-14 16:09:03,200 Register_handle.py--> send_qq 20: INFO ----->输入qq：123
2021-12-14 16:09:03,239 Register_handle.py--> send_worktelp 20: INFO ----->输入办公电话：123
2021-12-14 16:09:03,279 Register_handle.py--> send_famtelp 20: INFO ----->输入家庭电话：123
2021-12-14 16:09:03,321 Register_handle.py--> send_telphone 20: INFO ----->输入手机号：123
2021-12-14 16:09:03,386 Register_handle.py--> send_answer 20: INFO ----->输入密码提示：123
2021-12-14 16:09:07,550 Register_handle.py--> send_username 20: INFO ----->输入用户名：test002
2021-12-14 16:09:07,604 Register_handle.py--> send_email 20: INFO ----->输入邮箱：123
2021-12-14 16:09:07,651 Register_handle.py--> send_password 20: INFO ----->输入密码：123457
2021-12-14 16:09:07,708 Register_handle.py--> send_confirmpass 20: INFO ----->输入确认密码：123456
2021-12-14 16:09:07,752 Register_handle.py--> send_MSN 20: INFO ----->输入msn：12345@164.com
2021-12-14 16:09:07,802 Register_handle.py--> send_qq 20: INFO ----->输入qq：124
2021-12-14 16:09:07,844 Register_handle.py--> send_worktelp 20: INFO ----->输入办公电话：124
2021-12-14 16:09:07,885 Register_handle.py--> send_famtelp 20: INFO ----->输入家庭电话：124
2021-12-14 16:09:07,926 Register_handle.py--> send_telphone 20: INFO ----->输入手机号：124
2021-12-14 16:09:07,986 Register_handle.py--> send_answer 20: INFO ----->输入密码提示：124
2021-12-14 16:09:11,852 Register_handle.py--> send_username 20: INFO ----->输入用户名：test002
2021-12-14 16:09:11,913 Register_handle.py--> send_email 20: INFO ----->输入邮箱：1234@qq.com
2021-12-14 16:09:11,974 Register_handle.py--> send_password 20: INFO ----->输入密码：12
2021-12-14 16:09:12,032 Register_handle.py--> send_confirmpass 20: INFO ----->输入确认密码：123456
2021-12-14 16:09:12,083 Register_handle.py--> send_MSN 20: INFO ----->输入msn：12345@164.com
2021-12-14 16:09:12,138 Register_handle.py--> send_qq 20: INFO ----->输入qq：125
2021-12-14 16:09:12,182 Register_handle.py--> send_worktelp 20: INFO ----->输入办公电话：125
2021-12-14 16:09:12,228 Register_handle.py--> send_famtelp 20: INFO ----->输入家庭电话：125
2021-12-14 16:09:12,265 Register_handle.py--> send_telphone 20: INFO ----->输入手机号：125
2021-12-14 16:09:12,331 Register_handle.py--> send_answer 20: INFO ----->输入密码提示：125
2021-12-14 16:09:16,222 Register_handle.py--> send_user 20: INFO ----->输入用户名：test001
2021-12-14 16:09:24,371 Register_handle.py--> send_user 20: INFO ----->输入用户名：11
2021-12-14 16:09:24,417 Register_handle.py--> send_pass 20: INFO ----->输入密码：123456
2021-12-14 16:09:31,434 Register_handle.py--> send_user 20: INFO ----->输入用户名：test001
2021-12-14 16:09:31,486 Register_handle.py--> send_pass 20: INFO ----->输入密码：654321
