2021-12-15 10:06:54,361 Register_handle.py--> send_username 20: INFO ----->输入用户名：test001
2021-12-15 10:06:54,417 Register_handle.py--> send_email 20: INFO ----->输入邮箱：12@qq.com
2021-12-15 10:06:54,465 Register_handle.py--> send_password 20: INFO ----->输入密码：123456
2021-12-15 10:06:54,511 Register_handle.py--> send_confirmpass 20: INFO ----->输入确认密码：123456
2021-12-15 10:06:54,557 Register_handle.py--> send_MSN 20: INFO ----->输入msn：123@163.com
2021-12-15 10:06:54,605 Register_handle.py--> send_qq 20: INFO ----->输入qq：123
2021-12-15 10:06:54,644 Register_handle.py--> send_worktelp 20: INFO ----->输入办公电话：123
2021-12-15 10:06:54,684 Register_handle.py--> send_famtelp 20: INFO ----->输入家庭电话：123
2021-12-15 10:06:54,722 Register_handle.py--> send_telphone 20: INFO ----->输入手机号：123
2021-12-15 10:06:54,784 Register_handle.py--> send_answer 20: INFO ----->输入密码提示：123
2021-12-15 10:06:58,776 Register_handle.py--> send_username 20: INFO ----->输入用户名：1
2021-12-15 10:06:58,824 Register_handle.py--> send_email 20: INFO ----->输入邮箱：1234@qq.com
2021-12-15 10:06:58,877 Register_handle.py--> send_password 20: INFO ----->输入密码：123456
2021-12-15 10:06:58,923 Register_handle.py--> send_confirmpass 20: INFO ----->输入确认密码：123456
2021-12-15 10:06:58,967 Register_handle.py--> send_MSN 20: INFO ----->输入msn：1234@163.com
2021-12-15 10:06:59,019 Register_handle.py--> send_qq 20: INFO ----->输入qq：123
2021-12-15 10:06:59,061 Register_handle.py--> send_worktelp 20: INFO ----->输入办公电话：123
2021-12-15 10:06:59,100 Register_handle.py--> send_famtelp 20: INFO ----->输入家庭电话：123
2021-12-15 10:06:59,140 Register_handle.py--> send_telphone 20: INFO ----->输入手机号：123
2021-12-15 10:06:59,202 Register_handle.py--> send_answer 20: INFO ----->输入密码提示：123
2021-12-15 10:07:03,038 Register_handle.py--> send_username 20: INFO ----->输入用户名：test002
2021-12-15 10:07:03,095 Register_handle.py--> send_email 20: INFO ----->输入邮箱：123
2021-12-15 10:07:03,139 Register_handle.py--> send_password 20: INFO ----->输入密码：123457
2021-12-15 10:07:03,190 Register_handle.py--> send_confirmpass 20: INFO ----->输入确认密码：123456
2021-12-15 10:07:03,236 Register_handle.py--> send_MSN 20: INFO ----->输入msn：12345@164.com
2021-12-15 10:07:03,287 Register_handle.py--> send_qq 20: INFO ----->输入qq：124
2021-12-15 10:07:03,327 Register_handle.py--> send_worktelp 20: INFO ----->输入办公电话：124
2021-12-15 10:07:03,367 Register_handle.py--> send_famtelp 20: INFO ----->输入家庭电话：124
2021-12-15 10:07:03,406 Register_handle.py--> send_telphone 20: INFO ----->输入手机号：124
2021-12-15 10:07:03,468 Register_handle.py--> send_answer 20: INFO ----->输入密码提示：124
2021-12-15 10:07:07,377 Register_handle.py--> send_username 20: INFO ----->输入用户名：test002
2021-12-15 10:07:07,432 Register_handle.py--> send_email 20: INFO ----->输入邮箱：1234@qq.com
2021-12-15 10:07:07,480 Register_handle.py--> send_password 20: INFO ----->输入密码：12
2021-12-15 10:07:07,525 Register_handle.py--> send_confirmpass 20: INFO ----->输入确认密码：123456
2021-12-15 10:07:07,575 Register_handle.py--> send_MSN 20: INFO ----->输入msn：12345@164.com
2021-12-15 10:07:07,627 Register_handle.py--> send_qq 20: INFO ----->输入qq：125
2021-12-15 10:07:07,667 Register_handle.py--> send_worktelp 20: INFO ----->输入办公电话：125
2021-12-15 10:07:07,723 Register_handle.py--> send_famtelp 20: INFO ----->输入家庭电话：125
2021-12-15 10:07:07,768 Register_handle.py--> send_telphone 20: INFO ----->输入手机号：125
2021-12-15 10:07:07,833 Register_handle.py--> send_answer 20: INFO ----->输入密码提示：125
2021-12-15 10:07:11,714 Register_handle.py--> send_user 20: INFO ----->输入用户名：test001
2021-12-15 10:07:11,765 Register_handle.py--> send_pass 20: INFO ----->输入密码：123456
2021-12-15 10:07:15,713 Register_handle.py--> send_user 20: INFO ----->输入用户名：11
2021-12-15 10:07:15,761 Register_handle.py--> send_pass 20: INFO ----->输入密码：123456
2021-12-15 10:07:25,781 Register_handle.py--> send_user 20: INFO ----->输入用户名：test001
2021-12-15 10:07:25,834 Register_handle.py--> send_pass 20: INFO ----->输入密码：654321
